12-Dec-2023 10:30:24.019 信息 [main] org.apache.catalina.startup.VersionLoggerListener.log Server.服务器版本: Apache Tomcat/9.0.83
12-Dec-2023 10:30:24.021 信息 [main] org.apache.catalina.startup.VersionLoggerListener.log 服务器构建:        Nov 9 2023 20:57:42 UTC
12-Dec-2023 10:30:24.021 信息 [main] org.apache.catalina.startup.VersionLoggerListener.log 服务器版本号:      9.0.83.0
12-Dec-2023 10:30:24.021 信息 [main] org.apache.catalina.startup.VersionLoggerListener.log 操作系统名称:      Windows 10
12-Dec-2023 10:30:24.021 信息 [main] org.apache.catalina.startup.VersionLoggerListener.log OS.版本:           10.0
12-Dec-2023 10:30:24.021 信息 [main] org.apache.catalina.startup.VersionLoggerListener.log 架构:              x86
12-Dec-2023 10:30:25.147 信息 [main] org.apache.catalina.startup.VersionLoggerListener.log Java 环境变量:     D:\Work\Web\WebService\jdk-1.8.0_241\jre
12-Dec-2023 10:30:26.442 信息 [main] org.apache.catalina.startup.VersionLoggerListener.log Java虚拟机版本:    1.8.0_241-b07
12-Dec-2023 10:30:26.473 信息 [main] org.apache.catalina.startup.VersionLoggerListener.log JVM.供应商:        Oracle Corporation
12-Dec-2023 10:30:26.473 信息 [main] org.apache.catalina.startup.VersionLoggerListener.log CATALINA_BASE:     D:\Work\Web\WebService\Tomcat-9.0.83
12-Dec-2023 10:30:26.473 信息 [main] org.apache.catalina.startup.VersionLoggerListener.log CATALINA_HOME:     D:\Work\Web\WebService\Tomcat-9.0.83
12-Dec-2023 10:30:26.474 信息 [main] org.apache.catalina.startup.VersionLoggerListener.log 命令行参数：       -Djava.util.logging.config.file=D:/Work/Web/WebService/Tomcat-9.0.83/conf/logging.properties
12-Dec-2023 10:30:26.475 信息 [main] org.apache.catalina.startup.VersionLoggerListener.log 命令行参数：       -Djava.util.logging.manager=org.apache.juli.ClassLoaderLogManager
12-Dec-2023 10:30:26.475 信息 [main] org.apache.catalina.startup.VersionLoggerListener.log 命令行参数：       -Djdk.tls.ephemeralDHKeySize=2048
12-Dec-2023 10:30:26.475 信息 [main] org.apache.catalina.startup.VersionLoggerListener.log 命令行参数：       -Djava.protocol.handler.pkgs=org.apache.catalina.webresources
12-Dec-2023 10:30:26.475 信息 [main] org.apache.catalina.startup.VersionLoggerListener.log 命令行参数：       -Dorg.apache.catalina.security.SecurityListener.UMASK=0027
12-Dec-2023 10:30:26.475 信息 [main] org.apache.catalina.startup.VersionLoggerListener.log 命令行参数：       -Dignore.endorsed.dirs=
12-Dec-2023 10:30:26.475 信息 [main] org.apache.catalina.startup.VersionLoggerListener.log 命令行参数：       -Dcatalina.base=D:/Work/Web/WebService/Tomcat-9.0.83
12-Dec-2023 10:30:26.476 信息 [main] org.apache.catalina.startup.VersionLoggerListener.log 命令行参数：       -Dcatalina.home=D:/Work/Web/WebService/Tomcat-9.0.83
12-Dec-2023 10:30:26.476 信息 [main] org.apache.catalina.startup.VersionLoggerListener.log 命令行参数：       -Djava.io.tmpdir=D:/Work/Web/WebService/Tomcat-9.0.83/temp
12-Dec-2023 10:30:26.483 信息 [main] org.apache.catalina.core.AprLifecycleListener.lifecycleEvent 使用APR版本[1.7.4]加载了基于APR的Apache Tomcat本机库[1.2.39]。
12-Dec-2023 10:30:26.483 信息 [main] org.apache.catalina.core.AprLifecycleListener.lifecycleEvent APR功能：IPv6[true]、sendfile[true]、accept filters[false]、random[true]、UDS [true]。
12-Dec-2023 10:30:26.483 信息 [main] org.apache.catalina.core.AprLifecycleListener.lifecycleEvent APR/OpenSSL配置：useAprConnector[false]，useOpenSSL[true]
12-Dec-2023 10:30:26.488 信息 [main] org.apache.catalina.core.AprLifecycleListener.initializeSSL OpenSSL成功初始化 [OpenSSL 3.0.11 19 Sep 2023]
12-Dec-2023 10:30:26.611 信息 [main] org.apache.coyote.AbstractProtocol.init 初始化协议处理器 ["http-nio-8080"]
12-Dec-2023 10:30:26.619 信息 [main] org.apache.catalina.startup.Catalina.load 服务器在[2691]毫秒内初始化
12-Dec-2023 10:30:26.633 信息 [main] org.apache.catalina.core.StandardService.startInternal 正在启动服务[Catalina]
12-Dec-2023 10:30:26.633 信息 [main] org.apache.catalina.core.StandardEngine.startInternal 正在启动 Servlet 引擎：[Apache Tomcat/9.0.83]
12-Dec-2023 10:30:26.639 信息 [main] org.apache.catalina.startup.HostConfig.deployDirectory 把web 应用程序部署到目录 [D:\Work\Web\WebService\Tomcat-9.0.83\webapps\docs]
12-Dec-2023 10:30:27.151 警告 [main] org.apache.catalina.util.SessionIdGeneratorBase.createSecureRandom 使用[SHA1PRNG]创建会话ID生成的SecureRandom实例花费了[407]毫秒。
12-Dec-2023 10:30:27.164 信息 [main] org.apache.catalina.startup.HostConfig.deployDirectory Web应用程序目录[D:\Work\Web\WebService\Tomcat-9.0.83\webapps\docs]的部署已在[525]毫秒内完成
12-Dec-2023 10:30:27.164 信息 [main] org.apache.catalina.startup.HostConfig.deployDirectory 把web 应用程序部署到目录 [D:\Work\Web\WebService\Tomcat-9.0.83\webapps\examples]
12-Dec-2023 10:30:27.302 信息 [main] org.apache.catalina.startup.HostConfig.deployDirectory Web应用程序目录[D:\Work\Web\WebService\Tomcat-9.0.83\webapps\examples]的部署已在[138]毫秒内完成
12-Dec-2023 10:30:27.302 信息 [main] org.apache.catalina.startup.HostConfig.deployDirectory 把web 应用程序部署到目录 [D:\Work\Web\WebService\Tomcat-9.0.83\webapps\host-manager]
12-Dec-2023 10:30:27.327 信息 [main] org.apache.catalina.startup.HostConfig.deployDirectory Web应用程序目录[D:\Work\Web\WebService\Tomcat-9.0.83\webapps\host-manager]的部署已在[25]毫秒内完成
12-Dec-2023 10:30:27.327 信息 [main] org.apache.catalina.startup.HostConfig.deployDirectory 把web 应用程序部署到目录 [D:\Work\Web\WebService\Tomcat-9.0.83\webapps\manager]
12-Dec-2023 10:30:27.338 信息 [main] org.apache.catalina.startup.HostConfig.deployDirectory Web应用程序目录[D:\Work\Web\WebService\Tomcat-9.0.83\webapps\manager]的部署已在[11]毫秒内完成
12-Dec-2023 10:30:27.338 信息 [main] org.apache.catalina.startup.HostConfig.deployDirectory 把web 应用程序部署到目录 [D:\Work\Web\WebService\Tomcat-9.0.83\webapps\ROOT]
12-Dec-2023 10:30:27.345 信息 [main] org.apache.catalina.startup.HostConfig.deployDirectory Web应用程序目录[D:\Work\Web\WebService\Tomcat-9.0.83\webapps\ROOT]的部署已在[7]毫秒内完成
12-Dec-2023 10:30:27.347 信息 [main] org.apache.coyote.AbstractProtocol.start 开始协议处理句柄["http-nio-8080"]
12-Dec-2023 10:30:27.354 信息 [main] org.apache.catalina.startup.Catalina.start [734]毫秒后服务器启动
