12-Dec-2023 10:28:22.976 信息 [main] org.apache.catalina.core.ApplicationContext.log ContextListener: contextInitialized()
12-Dec-2023 10:28:22.976 信息 [main] org.apache.catalina.core.ApplicationContext.log SessionListener: contextInitialized()
12-Dec-2023 10:28:22.977 信息 [main] org.apache.catalina.core.ApplicationContext.log ContextListener: attributeAdded('StockTicker', 'async.Stockticker@3570b7')
12-Dec-2023 10:28:49.996 信息 [Thread-2] org.apache.catalina.core.ApplicationContext.log SessionListener: contextDestroyed()
12-Dec-2023 10:28:49.996 信息 [Thread-2] org.apache.catalina.core.ApplicationContext.log ContextListener: contextDestroyed()
12-Dec-2023 10:30:27.297 信息 [main] org.apache.catalina.core.ApplicationContext.log ContextListener: contextInitialized()
12-Dec-2023 10:30:27.297 信息 [main] org.apache.catalina.core.ApplicationContext.log SessionListener: contextInitialized()
12-Dec-2023 10:30:27.297 信息 [main] org.apache.catalina.core.ApplicationContext.log ContextListener: attributeAdded('StockTicker', 'async.Stockticker@3570b7')
12-Dec-2023 10:33:35.269 信息 [main] org.apache.catalina.core.ApplicationContext.log ContextListener: contextInitialized()
12-Dec-2023 10:33:35.269 信息 [main] org.apache.catalina.core.ApplicationContext.log SessionListener: contextInitialized()
12-Dec-2023 10:33:35.270 信息 [main] org.apache.catalina.core.ApplicationContext.log ContextListener: attributeAdded('StockTicker', 'async.Stockticker@b4fe2a')
12-Dec-2023 10:33:35.335 信息 [main] org.apache.catalina.core.ApplicationContext.log SessionListener: contextDestroyed()
12-Dec-2023 10:33:35.335 信息 [main] org.apache.catalina.core.ApplicationContext.log ContextListener: contextDestroyed()
12-Dec-2023 10:33:57.463 信息 [main] org.apache.catalina.core.ApplicationContext.log ContextListener: contextInitialized()
12-Dec-2023 10:33:57.464 信息 [main] org.apache.catalina.core.ApplicationContext.log SessionListener: contextInitialized()
12-Dec-2023 10:33:57.464 信息 [main] org.apache.catalina.core.ApplicationContext.log ContextListener: attributeAdded('StockTicker', 'async.Stockticker@b4fe2a')
12-Dec-2023 10:33:57.532 信息 [main] org.apache.catalina.core.ApplicationContext.log SessionListener: contextDestroyed()
12-Dec-2023 10:33:57.532 信息 [main] org.apache.catalina.core.ApplicationContext.log ContextListener: contextDestroyed()
12-Dec-2023 10:37:48.430 信息 [main] org.apache.catalina.core.ApplicationContext.log ContextListener: contextInitialized()
12-Dec-2023 10:37:48.430 信息 [main] org.apache.catalina.core.ApplicationContext.log SessionListener: contextInitialized()
12-Dec-2023 10:37:48.431 信息 [main] org.apache.catalina.core.ApplicationContext.log ContextListener: attributeAdded('StockTicker', 'async.Stockticker@3570b7')
12-Dec-2023 10:43:00.254 信息 [main] org.apache.catalina.core.ApplicationContext.log 将servlet[A8Capture Web Service]标记为不可用
12-Dec-2023 10:43:00.254 严重 [main] org.apache.catalina.core.StandardContext.loadOnStartup web应用程序[/A8CaptureWebService]中的Servlet[A8Capture Web Service]引发了load（）异常
	java.lang.ClassNotFoundException: com.sun.jersey.spi.container.servlet.ServletContainer
		at org.apache.catalina.loader.WebappClassLoaderBase.loadClass(WebappClassLoaderBase.java:1329)
		at org.apache.catalina.loader.WebappClassLoaderBase.loadClass(WebappClassLoaderBase.java:1141)
		at org.apache.catalina.core.DefaultInstanceManager.loadClass(DefaultInstanceManager.java:488)
		at org.apache.catalina.core.DefaultInstanceManager.loadClassMaybePrivileged(DefaultInstanceManager.java:470)
		at org.apache.catalina.core.DefaultInstanceManager.newInstance(DefaultInstanceManager.java:142)
		at org.apache.catalina.core.StandardWrapper.loadServlet(StandardWrapper.java:1020)
		at org.apache.catalina.core.StandardWrapper.load(StandardWrapper.java:960)
		at org.apache.catalina.core.StandardContext.loadOnStartup(StandardContext.java:4641)
		at org.apache.catalina.core.StandardContext.startInternal(StandardContext.java:4948)
		at org.apache.catalina.util.LifecycleBase.start(LifecycleBase.java:171)
		at org.apache.catalina.core.ContainerBase.addChildInternal(ContainerBase.java:683)
		at org.apache.catalina.core.ContainerBase.addChild(ContainerBase.java:658)
		at org.apache.catalina.core.StandardHost.addChild(StandardHost.java:661)
		at org.apache.catalina.startup.HostConfig.deployWAR(HostConfig.java:1023)
		at org.apache.catalina.startup.HostConfig$DeployWar.run(HostConfig.java:1910)
		at java.util.concurrent.Executors$RunnableAdapter.call(Executors.java:511)
		at java.util.concurrent.FutureTask.run(FutureTask.java:266)
		at org.apache.tomcat.util.threads.InlineExecutorService.execute(InlineExecutorService.java:75)
		at java.util.concurrent.AbstractExecutorService.submit(AbstractExecutorService.java:112)
		at org.apache.catalina.startup.HostConfig.deployWARs(HostConfig.java:824)
		at org.apache.catalina.startup.HostConfig.deployApps(HostConfig.java:474)
		at org.apache.catalina.startup.HostConfig.start(HostConfig.java:1617)
		at org.apache.catalina.startup.HostConfig.lifecycleEvent(HostConfig.java:318)
		at org.apache.catalina.util.LifecycleBase.fireLifecycleEvent(LifecycleBase.java:114)
		at org.apache.catalina.util.LifecycleBase.setStateInternal(LifecycleBase.java:402)
		at org.apache.catalina.util.LifecycleBase.setState(LifecycleBase.java:345)
		at org.apache.catalina.core.ContainerBase.startInternal(ContainerBase.java:893)
		at org.apache.catalina.core.StandardHost.startInternal(StandardHost.java:794)
		at org.apache.catalina.util.LifecycleBase.start(LifecycleBase.java:171)
		at org.apache.catalina.core.ContainerBase$StartChild.call(ContainerBase.java:1332)
		at org.apache.catalina.core.ContainerBase$StartChild.call(ContainerBase.java:1322)
		at java.util.concurrent.FutureTask.run(FutureTask.java:266)
		at org.apache.tomcat.util.threads.InlineExecutorService.execute(InlineExecutorService.java:75)
		at java.util.concurrent.AbstractExecutorService.submit(AbstractExecutorService.java:134)
		at org.apache.catalina.core.ContainerBase.startInternal(ContainerBase.java:866)
		at org.apache.catalina.core.StandardEngine.startInternal(StandardEngine.java:248)
		at org.apache.catalina.util.LifecycleBase.start(LifecycleBase.java:171)
		at org.apache.catalina.core.StandardService.startInternal(StandardService.java:433)
		at org.apache.catalina.util.LifecycleBase.start(LifecycleBase.java:171)
		at org.apache.catalina.core.StandardServer.startInternal(StandardServer.java:921)
		at org.apache.catalina.util.LifecycleBase.start(LifecycleBase.java:171)
		at org.apache.catalina.startup.Catalina.start(Catalina.java:772)
		at sun.reflect.NativeMethodAccessorImpl.invoke0(Native Method)
		at sun.reflect.NativeMethodAccessorImpl.invoke(NativeMethodAccessorImpl.java:62)
		at sun.reflect.DelegatingMethodAccessorImpl.invoke(DelegatingMethodAccessorImpl.java:43)
		at java.lang.reflect.Method.invoke(Method.java:498)
		at org.apache.catalina.startup.Bootstrap.start(Bootstrap.java:347)
		at org.apache.catalina.startup.Bootstrap.main(Bootstrap.java:478)
12-Dec-2023 10:43:00.491 信息 [main] org.apache.catalina.core.ApplicationContext.log ContextListener: contextInitialized()
12-Dec-2023 10:43:00.491 信息 [main] org.apache.catalina.core.ApplicationContext.log SessionListener: contextInitialized()
12-Dec-2023 10:43:00.491 信息 [main] org.apache.catalina.core.ApplicationContext.log ContextListener: attributeAdded('StockTicker', 'async.Stockticker@19d481b')
12-Dec-2023 14:42:15.384 信息 [main] org.apache.catalina.core.ApplicationContext.log 将servlet[A8Capture Web Service]标记为不可用
12-Dec-2023 14:42:15.384 严重 [main] org.apache.catalina.core.StandardContext.loadOnStartup web应用程序[/A8CaptureWebService]中的Servlet[A8Capture Web Service]引发了load（）异常
	java.lang.ClassNotFoundException: com.sun.jersey.spi.container.servlet.ServletContainer
		at org.apache.catalina.loader.WebappClassLoaderBase.loadClass(WebappClassLoaderBase.java:1329)
		at org.apache.catalina.loader.WebappClassLoaderBase.loadClass(WebappClassLoaderBase.java:1141)
		at org.apache.catalina.core.DefaultInstanceManager.loadClass(DefaultInstanceManager.java:488)
		at org.apache.catalina.core.DefaultInstanceManager.loadClassMaybePrivileged(DefaultInstanceManager.java:470)
		at org.apache.catalina.core.DefaultInstanceManager.newInstance(DefaultInstanceManager.java:142)
		at org.apache.catalina.core.StandardWrapper.loadServlet(StandardWrapper.java:1020)
		at org.apache.catalina.core.StandardWrapper.load(StandardWrapper.java:960)
		at org.apache.catalina.core.StandardContext.loadOnStartup(StandardContext.java:4641)
		at org.apache.catalina.core.StandardContext.startInternal(StandardContext.java:4948)
		at org.apache.catalina.util.LifecycleBase.start(LifecycleBase.java:171)
		at org.apache.catalina.core.ContainerBase.addChildInternal(ContainerBase.java:683)
		at org.apache.catalina.core.ContainerBase.addChild(ContainerBase.java:658)
		at org.apache.catalina.core.StandardHost.addChild(StandardHost.java:661)
		at org.apache.catalina.startup.HostConfig.deployWAR(HostConfig.java:1023)
		at org.apache.catalina.startup.HostConfig$DeployWar.run(HostConfig.java:1910)
		at java.util.concurrent.Executors$RunnableAdapter.call(Executors.java:511)
		at java.util.concurrent.FutureTask.run(FutureTask.java:266)
		at org.apache.tomcat.util.threads.InlineExecutorService.execute(InlineExecutorService.java:75)
		at java.util.concurrent.AbstractExecutorService.submit(AbstractExecutorService.java:112)
		at org.apache.catalina.startup.HostConfig.deployWARs(HostConfig.java:824)
		at org.apache.catalina.startup.HostConfig.deployApps(HostConfig.java:474)
		at org.apache.catalina.startup.HostConfig.start(HostConfig.java:1617)
		at org.apache.catalina.startup.HostConfig.lifecycleEvent(HostConfig.java:318)
		at org.apache.catalina.util.LifecycleBase.fireLifecycleEvent(LifecycleBase.java:114)
		at org.apache.catalina.util.LifecycleBase.setStateInternal(LifecycleBase.java:402)
		at org.apache.catalina.util.LifecycleBase.setState(LifecycleBase.java:345)
		at org.apache.catalina.core.ContainerBase.startInternal(ContainerBase.java:893)
		at org.apache.catalina.core.StandardHost.startInternal(StandardHost.java:794)
		at org.apache.catalina.util.LifecycleBase.start(LifecycleBase.java:171)
		at org.apache.catalina.core.ContainerBase$StartChild.call(ContainerBase.java:1332)
		at org.apache.catalina.core.ContainerBase$StartChild.call(ContainerBase.java:1322)
		at java.util.concurrent.FutureTask.run(FutureTask.java:266)
		at org.apache.tomcat.util.threads.InlineExecutorService.execute(InlineExecutorService.java:75)
		at java.util.concurrent.AbstractExecutorService.submit(AbstractExecutorService.java:134)
		at org.apache.catalina.core.ContainerBase.startInternal(ContainerBase.java:866)
		at org.apache.catalina.core.StandardEngine.startInternal(StandardEngine.java:248)
		at org.apache.catalina.util.LifecycleBase.start(LifecycleBase.java:171)
		at org.apache.catalina.core.StandardService.startInternal(StandardService.java:433)
		at org.apache.catalina.util.LifecycleBase.start(LifecycleBase.java:171)
		at org.apache.catalina.core.StandardServer.startInternal(StandardServer.java:921)
		at org.apache.catalina.util.LifecycleBase.start(LifecycleBase.java:171)
		at org.apache.catalina.startup.Catalina.start(Catalina.java:772)
		at sun.reflect.NativeMethodAccessorImpl.invoke0(Native Method)
		at sun.reflect.NativeMethodAccessorImpl.invoke(NativeMethodAccessorImpl.java:62)
		at sun.reflect.DelegatingMethodAccessorImpl.invoke(DelegatingMethodAccessorImpl.java:43)
		at java.lang.reflect.Method.invoke(Method.java:498)
		at org.apache.catalina.startup.Bootstrap.start(Bootstrap.java:347)
		at org.apache.catalina.startup.Bootstrap.main(Bootstrap.java:478)
12-Dec-2023 14:42:15.553 信息 [main] org.apache.catalina.core.ApplicationContext.log ContextListener: contextInitialized()
12-Dec-2023 14:42:15.553 信息 [main] org.apache.catalina.core.ApplicationContext.log SessionListener: contextInitialized()
12-Dec-2023 14:42:15.553 信息 [main] org.apache.catalina.core.ApplicationContext.log ContextListener: attributeAdded('StockTicker', 'async.Stockticker@19d481b')
12-Dec-2023 17:46:37.281 信息 [main] org.apache.catalina.core.ApplicationContext.log 将servlet[A8Capture Web Service]标记为不可用
12-Dec-2023 17:46:37.281 严重 [main] org.apache.catalina.core.StandardContext.loadOnStartup web应用程序[/A8CaptureWebService]中的Servlet[A8Capture Web Service]引发了load（）异常
	java.lang.ClassNotFoundException: com.sun.jersey.spi.container.servlet.ServletContainer
		at org.apache.catalina.loader.WebappClassLoaderBase.loadClass(WebappClassLoaderBase.java:1329)
		at org.apache.catalina.loader.WebappClassLoaderBase.loadClass(WebappClassLoaderBase.java:1141)
		at org.apache.catalina.core.DefaultInstanceManager.loadClass(DefaultInstanceManager.java:488)
		at org.apache.catalina.core.DefaultInstanceManager.loadClassMaybePrivileged(DefaultInstanceManager.java:470)
		at org.apache.catalina.core.DefaultInstanceManager.newInstance(DefaultInstanceManager.java:142)
		at org.apache.catalina.core.StandardWrapper.loadServlet(StandardWrapper.java:1020)
		at org.apache.catalina.core.StandardWrapper.load(StandardWrapper.java:960)
		at org.apache.catalina.core.StandardContext.loadOnStartup(StandardContext.java:4641)
		at org.apache.catalina.core.StandardContext.startInternal(StandardContext.java:4948)
		at org.apache.catalina.util.LifecycleBase.start(LifecycleBase.java:171)
		at org.apache.catalina.core.ContainerBase.addChildInternal(ContainerBase.java:683)
		at org.apache.catalina.core.ContainerBase.addChild(ContainerBase.java:658)
		at org.apache.catalina.core.StandardHost.addChild(StandardHost.java:661)
		at org.apache.catalina.startup.HostConfig.deployWAR(HostConfig.java:1023)
		at org.apache.catalina.startup.HostConfig$DeployWar.run(HostConfig.java:1910)
		at java.util.concurrent.Executors$RunnableAdapter.call(Executors.java:511)
		at java.util.concurrent.FutureTask.run(FutureTask.java:266)
		at org.apache.tomcat.util.threads.InlineExecutorService.execute(InlineExecutorService.java:75)
		at java.util.concurrent.AbstractExecutorService.submit(AbstractExecutorService.java:112)
		at org.apache.catalina.startup.HostConfig.deployWARs(HostConfig.java:824)
		at org.apache.catalina.startup.HostConfig.deployApps(HostConfig.java:474)
		at org.apache.catalina.startup.HostConfig.start(HostConfig.java:1617)
		at org.apache.catalina.startup.HostConfig.lifecycleEvent(HostConfig.java:318)
		at org.apache.catalina.util.LifecycleBase.fireLifecycleEvent(LifecycleBase.java:114)
		at org.apache.catalina.util.LifecycleBase.setStateInternal(LifecycleBase.java:402)
		at org.apache.catalina.util.LifecycleBase.setState(LifecycleBase.java:345)
		at org.apache.catalina.core.ContainerBase.startInternal(ContainerBase.java:893)
		at org.apache.catalina.core.StandardHost.startInternal(StandardHost.java:794)
		at org.apache.catalina.util.LifecycleBase.start(LifecycleBase.java:171)
		at org.apache.catalina.core.ContainerBase$StartChild.call(ContainerBase.java:1332)
		at org.apache.catalina.core.ContainerBase$StartChild.call(ContainerBase.java:1322)
		at java.util.concurrent.FutureTask.run(FutureTask.java:266)
		at org.apache.tomcat.util.threads.InlineExecutorService.execute(InlineExecutorService.java:75)
		at java.util.concurrent.AbstractExecutorService.submit(AbstractExecutorService.java:134)
		at org.apache.catalina.core.ContainerBase.startInternal(ContainerBase.java:866)
		at org.apache.catalina.core.StandardEngine.startInternal(StandardEngine.java:248)
		at org.apache.catalina.util.LifecycleBase.start(LifecycleBase.java:171)
		at org.apache.catalina.core.StandardService.startInternal(StandardService.java:433)
		at org.apache.catalina.util.LifecycleBase.start(LifecycleBase.java:171)
		at org.apache.catalina.core.StandardServer.startInternal(StandardServer.java:921)
		at org.apache.catalina.util.LifecycleBase.start(LifecycleBase.java:171)
		at org.apache.catalina.startup.Catalina.start(Catalina.java:772)
		at sun.reflect.NativeMethodAccessorImpl.invoke0(Native Method)
		at sun.reflect.NativeMethodAccessorImpl.invoke(NativeMethodAccessorImpl.java:62)
		at sun.reflect.DelegatingMethodAccessorImpl.invoke(DelegatingMethodAccessorImpl.java:43)
		at java.lang.reflect.Method.invoke(Method.java:498)
		at org.apache.catalina.startup.Bootstrap.start(Bootstrap.java:347)
		at org.apache.catalina.startup.Bootstrap.main(Bootstrap.java:478)
12-Dec-2023 17:46:39.625 信息 [main] org.apache.catalina.core.ApplicationContext.log ContextListener: contextInitialized()
12-Dec-2023 17:46:39.625 信息 [main] org.apache.catalina.core.ApplicationContext.log SessionListener: contextInitialized()
12-Dec-2023 17:46:39.626 信息 [main] org.apache.catalina.core.ApplicationContext.log ContextListener: attributeAdded('StockTicker', 'async.Stockticker@19d481b')
12-Dec-2023 17:50:31.371 信息 [main] org.apache.catalina.core.ApplicationContext.log ContextListener: contextInitialized()
12-Dec-2023 17:50:31.371 信息 [main] org.apache.catalina.core.ApplicationContext.log SessionListener: contextInitialized()
12-Dec-2023 17:50:31.372 信息 [main] org.apache.catalina.core.ApplicationContext.log ContextListener: attributeAdded('StockTicker', 'async.Stockticker@60b0a0')
12-Dec-2023 17:52:08.869 信息 [main] org.apache.catalina.core.ApplicationContext.log ContextListener: contextInitialized()
12-Dec-2023 17:52:08.869 信息 [main] org.apache.catalina.core.ApplicationContext.log SessionListener: contextInitialized()
12-Dec-2023 17:52:08.869 信息 [main] org.apache.catalina.core.ApplicationContext.log ContextListener: attributeAdded('StockTicker', 'async.Stockticker@60b0a0')
12-Dec-2023 17:56:45.947 信息 [main] org.apache.catalina.core.ApplicationContext.log ContextListener: contextInitialized()
12-Dec-2023 17:56:45.947 信息 [main] org.apache.catalina.core.ApplicationContext.log SessionListener: contextInitialized()
12-Dec-2023 17:56:45.947 信息 [main] org.apache.catalina.core.ApplicationContext.log ContextListener: attributeAdded('StockTicker', 'async.Stockticker@60b0a0')
12-Dec-2023 18:08:17.195 信息 [main] org.apache.catalina.core.ApplicationContext.log ContextListener: contextInitialized()
12-Dec-2023 18:08:17.195 信息 [main] org.apache.catalina.core.ApplicationContext.log SessionListener: contextInitialized()
12-Dec-2023 18:08:17.196 信息 [main] org.apache.catalina.core.ApplicationContext.log ContextListener: attributeAdded('StockTicker', 'async.Stockticker@60b0a0')
12-Dec-2023 18:11:55.198 信息 [main] org.apache.catalina.core.ApplicationContext.log ContextListener: contextInitialized()
12-Dec-2023 18:11:55.198 信息 [main] org.apache.catalina.core.ApplicationContext.log SessionListener: contextInitialized()
12-Dec-2023 18:11:55.199 信息 [main] org.apache.catalina.core.ApplicationContext.log ContextListener: attributeAdded('StockTicker', 'async.Stockticker@322ec9')
12-Dec-2023 19:31:52.782 信息 [main] org.apache.catalina.core.ApplicationContext.log ContextListener: contextInitialized()
12-Dec-2023 19:31:52.782 信息 [main] org.apache.catalina.core.ApplicationContext.log SessionListener: contextInitialized()
12-Dec-2023 19:31:52.783 信息 [main] org.apache.catalina.core.ApplicationContext.log ContextListener: attributeAdded('StockTicker', 'async.Stockticker@42dc5a')
12-Dec-2023 19:54:21.179 信息 [main] org.apache.catalina.core.ApplicationContext.log ContextListener: contextInitialized()
12-Dec-2023 19:54:21.179 信息 [main] org.apache.catalina.core.ApplicationContext.log SessionListener: contextInitialized()
12-Dec-2023 19:54:21.180 信息 [main] org.apache.catalina.core.ApplicationContext.log ContextListener: attributeAdded('StockTicker', 'async.Stockticker@1c05ea2')
12-Dec-2023 20:08:10.384 信息 [main] org.apache.catalina.core.ApplicationContext.log ContextListener: contextInitialized()
12-Dec-2023 20:08:10.384 信息 [main] org.apache.catalina.core.ApplicationContext.log SessionListener: contextInitialized()
12-Dec-2023 20:08:10.384 信息 [main] org.apache.catalina.core.ApplicationContext.log ContextListener: attributeAdded('StockTicker', 'async.Stockticker@8307f7')
12-Dec-2023 20:28:20.387 信息 [main] org.apache.catalina.core.ApplicationContext.log ContextListener: contextInitialized()
12-Dec-2023 20:28:20.387 信息 [main] org.apache.catalina.core.ApplicationContext.log SessionListener: contextInitialized()
12-Dec-2023 20:28:20.388 信息 [main] org.apache.catalina.core.ApplicationContext.log ContextListener: attributeAdded('StockTicker', 'async.Stockticker@12abdfb')
